<?xml version="1.0" encoding="UTF-8"?>
<!-- Generated by org.testng.reporters.JUnitXMLReporter -->
<testsuite ignored="0" hostname="IQZNGLDT011" failures="0" tests="2" name="TestingOnChrome" time="0.136" errors="0" timestamp="2021-11-19T23:34:02 IST">
  <testcase classname="package_demo.crossbrowser_chrome" name="@BeforeTest setup" time="0.076">
    <failure type="java.lang.IllegalStateException" message="The driver executable must exist: C:\Users\Ashok.r\eclipse-workspace\sample_project1\Driver\chromedriver.exe">
      <![CDATA[java.lang.IllegalStateException: The driver executable must exist: C:\Users\Ashok.r\eclipse-workspace\sample_project1\Driver\chromedriver.exe
at org.openqa.selenium.internal.Require$FileStateChecker.isFile(Require.java:315)
at org.openqa.selenium.remote.service.DriverService.checkExecutable(DriverService.java:144)
at org.openqa.selenium.remote.service.DriverService.findExecutable(DriverService.java:139)
at org.openqa.selenium.chrome.ChromeDriverService.access$000(ChromeDriverService.java:38)
at org.openqa.selenium.chrome.ChromeDriverService$Builder.findDefaultExecutable(ChromeDriverService.java:231)
at org.openqa.selenium.remote.service.DriverService$Builder.build(DriverService.java:434)
at org.openqa.selenium.chrome.ChromeDriverService.createDefaultService(ChromeDriverService.java:127)
at org.openqa.selenium.chrome.ChromeDriver.<init>(ChromeDriver.java:46)
at package_demo.crossbrowser_chrome.setup(crossbrowser_chrome.java:23)
at java.base/java.util.concurrent.FutureTask.run(FutureTask.java:264)
at java.base/java.util.concurrent.ThreadPoolExecutor.runWorker(ThreadPoolExecutor.java:1130)
at java.base/java.util.concurrent.ThreadPoolExecutor$Worker.run(ThreadPoolExecutor.java:630)
at java.base/java.lang.Thread.run(Thread.java:832)
... Removed 15 stack frames]]>
    </failure>
  </testcase> <!-- @BeforeTest setup -->
  <testcase classname="package_demo.crossbrowser_chrome" name="@AfterTest finish" time="-1.637345042372E9">
    <skipped/>
  </testcase> <!-- @AfterTest finish -->
  <testcase classname="package_demo.crossbrowser_chrome" name="testgoogle" time="0.0">
    <skipped/>
  </testcase> <!-- testgoogle -->
  <testcase classname="package_demo.crossbrowser_chrome" name="testyahoo" time="0.0">
    <skipped/>
  </testcase> <!-- testyahoo -->
</testsuite> <!-- TestingOnChrome -->
